#
# A fatal error has been detected by the Java Runtime Environment:
#
#  EXCEPTION_ACCESS_VIOLATION (0xc0000005) at pc=0x00007ffddf85c857, pid=15316, tid=22372
#
# JRE version: OpenJDK Runtime Environment Corretto-17.0.8.8.1 (17.0.8.1+8) (build 17.0.8.1+8-LTS)
# Java VM: OpenJDK 64-Bit Server VM Corretto-17.0.8.8.1 (17.0.8.1+8-LTS, mixed mode, sharing, tiered, compressed oops, compressed class ptrs, g1 gc, windows-amd64)
# Problematic frame:
# C  [lwjgl_opengl.dll+0xc857]
#
# No core dump will be written. Minidumps are not enabled by default on client versions of Windows
#
# If you would like to submit a bug report, please visit:
#   https://github.com/corretto/corretto-17/issues/
# The crash happened outside the Java Virtual Machine in native code.
# See problematic frame for where to report the bug.
#

---------------  S U M M A R Y ------------

Command Line: -Dfile.encoding=windows-1252 -Duser.country=CA -Duser.language=en -Duser.variant Main

Host: 12th Gen Intel(R) Core(TM) i7-1255U, 12 cores, 15G,  Windows 11 , 64 bit Build 22621 (10.0.22621.3672)
Time: Sat Jun 29 11:44:26 2024 Eastern Daylight Time elapsed time: 0.183603 seconds (0d 0h 0m 0s)

---------------  T H R E A D  ---------------

Current thread (0x000001ce850cb230):  JavaThread "main" [_thread_in_native, id=22372, stack(0x000000585e900000,0x000000585ea00000)]

Stack: [0x000000585e900000,0x000000585ea00000],  sp=0x000000585e9feed8,  free space=1019k
Native frames: (J=compiled Java code, j=interpreted, Vv=VM code, C=native code)
C  [lwjgl_opengl.dll+0xc857]

Java frames: (J=compiled Java code, j=interpreted, Vv=VM code)
j  org.lwjgl.opengl.GL11C.nglGetString(I)J+0
j  org.lwjgl.opengl.GL11C.glGetString(I)Ljava/lang/String;+1
j  org.lwjgl.opengl.GL11.glGetString(I)Ljava/lang/String;+1
j  coal.Window.run()V+20
j  Main.main([Ljava/lang/String;)V+5
v  ~StubRoutines::call_stub

siginfo: EXCEPTION_ACCESS_VIOLATION (0xc0000005), reading address 0x0000000000000378


Register to memory mapping:

RIP=0x00007ffddf85c857 lwjgl_opengl.dll
RAX=0x000001cef026eaf0 points into unknown readable memory: 0x0000000000000000 | 00 00 00 00 00 00 00 00
RBX={method} {0x000001ceec4bad48} 'nglGetString' '(I)J' in 'org/lwjgl/opengl/GL11C'
RCX=0x0 is NULL
RDX=0x000000585e9fef60 is pointing into the stack for thread: 0x000001ce850cb230
RSP=0x000000585e9feed8 is pointing into the stack for thread: 0x000001ce850cb230
RBP=0x000000585e9fef50 is pointing into the stack for thread: 0x000001ce850cb230
RSI=0x0000000000000016 is an unknown value
RDI=0x000001ce958c94fe is at code_begin+1118 in an Interpreter codelet
return entry points  [0x000001ce958c90a0, 0x000001ce958c9ba0]  2816 bytes
R8 =0x0000000000001f02 is an unknown value
R9 =0x0000000000000002 is an unknown value
R10=0x000001ce958cd5f2 is at code_begin+946 in an Interpreter codelet
method entry point (kind = native)  [0x000001ce958cd240, 0x000001ce958cdbc0]  2432 bytes
R11=0x0000000713bfe2e8 is an oop: java.lang.Class 
{0x0000000713bfe2e8} - klass: 'java/lang/Class'
 - ---- fields (total size 116 words):
 - private volatile transient 'classRedefinedCount' 'I' @12  0
 - private volatile transient 'cachedConstructor' 'Ljava/lang/reflect/Constructor;' @40  NULL (0)
 - private transient 'name' 'Ljava/lang/String;' @44  "org.lwjgl.opengl.GL11C"{0x0000000713bfe7d0} (e277fcfa)
 - private transient 'module' 'Ljava/lang/Module;' @48  a 'java/lang/Module'{0x0000000713e6cb80} (e27cd970)
 - private final 'classLoader' 'Ljava/lang/ClassLoader;' @52  a 'jdk/internal/loader/ClassLoaders$AppClassLoader'{0x0000000713e6c9c0} (e27cd938)
 - private transient 'classData' 'Ljava/lang/Object;' @56  NULL (0)
 - private transient 'packageName' 'Ljava/lang/String;' @60  "org.lwjgl.opengl"{0x0000000713cbed38} (e2797da7)
 - private final 'componentType' 'Ljava/lang/Class;' @64  NULL (0)
 - private volatile transient 'reflectionData' 'Ljava/lang/ref/SoftReference;' @68  NULL (0)
 - private volatile transient 'genericInfo' 'Lsun/reflect/generics/repository/ClassRepository;' @72  NULL (0)
 - private volatile transient 'enumConstants' '[Ljava/lang/Object;' @76  NULL (0)
 - private volatile transient 'enumConstantDirectory' 'Ljava/util/Map;' @80  NULL (0)
 - private volatile transient 'annotationData' 'Ljava/lang/Class$AnnotationData;' @84  NULL (0)
 - private volatile transient 'annotationType' 'Lsun/reflect/annotation/AnnotationType;' @88  NULL (0)
 - transient 'classValueMap' 'Ljava/lang/ClassValue$ClassValueMap;' @92  NULL (0)
 - signature: Lorg/lwjgl/opengl/GL11C;
 - fake entry for mirror: 'org/lwjgl/opengl/GL11C'
 - fake entry for array: NULL
 - fake entry for oop_size: 116
 - fake entry for static_oop_field_count: 0
 - public static final 'GL_NEVER' 'I' @112  512 (200)
 - public static final 'GL_LESS' 'I' @116  513 (201)
 - public static final 'GL_EQUAL' 'I' @120  514 (202)
 - public static final 'GL_LEQUAL' 'I' @124  515 (203)
 - public static final 'GL_GREATER' 'I' @128  516 (204)
 - public static final 'GL_NOTEQUAL' 'I' @132  517 (205)
 - public static final 'GL_GEQUAL' 'I' @136  518 (206)
 - public static final 'GL_ALWAYS' 'I' @140  519 (207)
 - public static final 'GL_DEPTH_BUFFER_BIT' 'I' @144  256 (100)
 - public static final 'GL_STENCIL_BUFFER_BIT' 'I' @148  1024 (400)
 - public static final 'GL_COLOR_BUFFER_BIT' 'I' @152  16384 (4000)
 - public static final 'GL_POINTS' 'I' @156  0
 - public static final 'GL_LINES' 'I' @160  1
 - public static final 'GL_LINE_LOOP' 'I' @164  2
 - public static final 'GL_LINE_STRIP' 'I' @168  3
 - public static final 'GL_TRIANGLES' 'I' @172  4
 - public static final 'GL_TRIANGLE_STRIP' 'I' @176  5
 - public static final 'GL_TRIANGLE_FAN' 'I' @180  6
 - public static final 'GL_QUADS' 'I' @184  7
 - public static final 'GL_ZERO' 'I' @188  0
 - public static final 'GL_ONE' 'I' @192  1
 - public static final 'GL_SRC_COLOR' 'I' @196  768 (300)
 - public static final 'GL_ONE_MINUS_SRC_COLOR' 'I' @200  769 (301)
 - public static final 'GL_SRC_ALPHA' 'I' @204  770 (302)
 - public static final 'GL_ONE_MINUS_SRC_ALPHA' 'I' @208  771 (303)
 - public static final 'GL_DST_ALPHA' 'I' @212  772 (304)
 - public static final 'GL_ONE_MINUS_DST_ALPHA' 'I' @216  773 (305)
 - public static final 'GL_DST_COLOR' 'I' @220  774 (306)
 - public static final 'GL_ONE_MINUS_DST_COLOR' 'I' @224  775 (307)
 - public static final 'GL_SRC_ALPHA_SATURATE' 'I' @228  776 (308)
 - public static final 'GL_TRUE' 'I' @232  1
 - public static final 'GL_FALSE' 'I' @236  0
 - public static final 'GL_BYTE' 'I' @240  5120 (1400)
 - public static final 'GL_UNSIGNED_BYTE' 'I' @244  5121 (1401)
 - public static final 'GL_SHORT' 'I' @248  5122 (1402)
 - public static final 'GL_UNSIGNED_SHORT' 'I' @252  5123 (1403)
 - public static final 'GL_INT' 'I' @256  5124 (1404)
 - public static final 'GL_UNSIGNED_INT' 'I' @260  5125 (1405)
 - public static final 'GL_FLOAT' 'I' @264  5126 (1406)
 - public static final 'GL_DOUBLE' 'I' @268  5130 (140a)
 - public static final 'GL_NONE' 'I' @272  0
 - public static final 'GL_FRONT_LEFT' 'I' @276  1024 (400)
 - public static final 'GL_FRONT_RIGHT' 'I' @280  1025 (401)
 - public static final 'GL_BACK_LEFT' 'I' @284  1026 (402)
 - public static final 'GL_BACK_RIGHT' 'I' @288  1027 (403)
 - public static final 'GL_FRONT' 'I' @292  1028 (404)
 - public static final 'GL_BACK' 'I' @296  1029 (405)
 - public static final 'GL_LEFT' 'I' @300  1030 (406)
 - public static final 'GL_RIGHT' 'I' @304  1031 (407)
 - public static final 'GL_FRONT_AND_BACK' 'I' @308  1032 (408)
 - public static final 'GL_NO_ERROR' 'I' @312  0
 - public static final 'GL_INVALID_ENUM' 'I' @316  1280 (500)
 - public static final 'GL_INVALID_VALUE' 'I' @320  1281 (501)
 - public static final 'GL_INVALID_OPERATION' 'I' @324  1282 (502)
 - public static final 'GL_STACK_OVERFLOW' 'I' @328  1283 (503)
 - public static final 'GL_STACK_UNDERFLOW' 'I' @332  1284 (504)
 - public static final 'GL_OUT_OF_MEMORY' 'I' @336  1285 (505)
 - public static final 'GL_CW' 'I' @340  2304 (900)
 - public static final 'GL_CCW' 'I' @344  2305 (901)
 - public static final 'GL_POINT_SIZE' 'I' @348  2833 (b11)
 - public static final 'GL_POINT_SIZE_RANGE' 'I' @352  2834 (b12)
 - public static final 'GL_POINT_SIZE_GRANULARITY' 'I' @356  2835 (b13)
 - public static final 'GL_LINE_SMOOTH' 'I' @360  2848 (b20)
 - public static final 'GL_LINE_WIDTH' 'I' @364  2849 (b21)
 - public static final 'GL_LINE_WIDTH_RANGE' 'I' @368  2850 (b22)
 - public static final 'GL_LINE_WIDTH_GRANULARITY' 'I' @372  2851 (b23)
 - public static final 'GL_POLYGON_MODE' 'I' @376  2880 (b40)
 - public static final 'GL_POLYGON_SMOOTH' 'I' @380  2881 (b41)
 - public static final 'GL_CULL_FACE' 'I' @384  2884 (b44)
 - public static final 'GL_CULL_FACE_MODE' 'I' @388  2885 (b45)
 - public static final 'GL_FRONT_FACE' 'I' @392  2886 (b46)
 - public static final 'GL_DEPTH_RANGE' 'I' @396  2928 (b70)
 - public static final 'GL_DEPTH_TEST' 'I' @400  2929 (b71)
 - public static final 'GL_DEPTH_WRITEMASK' 'I' @404  2930 (b72)
 - public static final 'GL_DEPTH_CLEAR_VALUE' 'I' @408  2931 (b73)
 - public static final 'GL_DEPTH_FUNC' 'I' @412  2932 (b74)
 - public static final 'GL_STENCIL_TEST' 'I' @416  2960 (b90)
 - public static final 'GL_STENCIL_CLEAR_VALUE' 'I' @420  2961 (b91)
 - public static final 'GL_STENCIL_FUNC' 'I' @424  2962 (b92)
 - public static final 'GL_STENCIL_VALUE_MASK' 'I' @428  2963 (b93)
 - public static final 'GL_STENCIL_FAIL' 'I' @432  2964 (b94)
 - public static final 'GL_STENCIL_PASS_DEPTH_FAIL' 'I' @436  2965 (b95)
 - public static final 'GL_STENCIL_PASS_DEPTH_PASS' 'I' @440  2966 (b96)
 - public static final 'GL_STENCIL_REF' 'I' @444  2967 (b97)
 - public static final 'GL_STENCIL_WRITEMASK' 'I' @448  2968 (b98)
 - public static final 'GL_VIEWPORT' 'I' @452  2978 (ba2)
 - public static final 'GL_DITHER' 'I' @456  3024 (bd0)
 - public static final 'GL_BLEND_DST' 'I' @460  3040 (be0)
 - public static final 'GL_BLEND_SRC' 'I' @464  3041 (be1)
 - public static final 'GL_BLEND' 'I' @468  3042 (be2)
 - public static final 'GL_LOGIC_OP_MODE' 'I' @472  3056 (bf0)
 - public static final 'GL_COLOR_LOGIC_OP' 'I' @476  3058 (bf2)
 - public static final 'GL_DRAW_BUFFER' 'I' @480  3073 (c01)
 - public static final 'GL_READ_BUFFER' 'I' @484  3074 (c02)
 - public static final 'GL_SCISSOR_BOX' 'I' @488  3088 (c10)
 - public static final 'GL_SCISSOR_TEST' 'I' @492  3089 (c11)
 - public static final 'GL_COLOR_CLEAR_VALUE' 'I' @496  3106 (c22)
 - public static final 'GL_COLOR_WRITEMASK' 'I' @500  3107 (c23)
 - public static final 'GL_DOUBLEBUFFER' 'I' @504  3122 (c32)
 - public static final 'GL_STEREO' 'I' @508  3123 (c33)
 - public static final 'GL_LINE_SMOOTH_HINT' 'I' @512  3154 (c52)
 - public static final 'GL_POLYGON_SMOOTH_HINT' 'I' @516  3155 (c53)
 - public static final 'GL_UNPACK_SWAP_BYTES' 'I' @520  3312 (cf0)
 - public static final 'GL_UNPACK_LSB_FIRST' 'I' @524  3313 (cf1)
 - public static final 'GL_UNPACK_ROW_LENGTH' 'I' @528  3314 (cf2)
 - public static final 'GL_UNPACK_SKIP_ROWS' 'I' @532  3315 (cf3)
 - public static final 'GL_UNPACK_SKIP_PIXELS' 'I' @536  3316 (cf4)
 - public static final 'GL_UNPACK_ALIGNMENT' 'I' @540  3317 (cf5)
 - public static final 'GL_PACK_SWAP_BYTES' 'I' @544  3328 (d00)
 - public static final 'GL_PACK_LSB_FIRST' 'I' @548  3329 (d01)
 - public static final 'GL_PACK_ROW_LENGTH' 'I' @552  3330 (d02)
 - public static final 'GL_PACK_SKIP_ROWS' 'I' @556  3331 (d03)
 - public static final 'GL_PACK_SKIP_PIXELS' 'I' @560  3332 (d04)
 - public static final 'GL_PACK_ALIGNMENT' 'I' @564  3333 (d05)
 - public static final 'GL_MAX_TEXTURE_SIZE' 'I' @568  3379 (d33)
 - public static final 'GL_MAX_VIEWPORT_DIMS' 'I' @572  3386 (d3a)
 - public static final 'GL_SUBPIXEL_BITS' 'I' @576  3408 (d50)
 - public static final 'GL_TEXTURE_1D' 'I' @580  3552 (de0)
 - public static final 'GL_TEXTURE_2D' 'I' @584  3553 (de1)
 - public static final 'GL_TEXTURE_WIDTH' 'I' @588  4096 (1000)
 - public static final 'GL_TEXTURE_HEIGHT' 'I' @592  4097 (1001)
 - public static final 'GL_TEXTURE_INTERNAL_FORMAT' 'I' @596  4099 (1003)
 - public static final 'GL_TEXTURE_BORDER_COLOR' 'I' @600  4100 (1004)
 - public static final 'GL_DONT_CARE' 'I' @604  4352 (1100)
 - public static final 'GL_FASTEST' 'I' @608  4353 (1101)
 - public static final 'GL_NICEST' 'I' @612  4354 (1102)
 - public static final 'GL_CLEAR' 'I' @616  5376 (1500)
 - public static final 'GL_AND' 'I' @620  5377 (1501)
 - public static final 'GL_AND_REVERSE' 'I' @624  5378 (1502)
 - public static final 'GL_COPY' 'I' @628  5379 (1503)
 - public static final 'GL_AND_INVERTED' 'I' @632  5380 (1504)
 - public static final 'GL_NOOP' 'I' @636  5381 (1505)
 - public static final 'GL_XOR' 'I' @640  5382 (1506)
 - public static final 'GL_OR' 'I' @644  5383 (1507)
 - public static final 'GL_NOR' 'I' @648  5384 (1508)
 - public static final 'GL_EQUIV' 'I' @652  5385 (1509)
 - public static final 'GL_INVERT' 'I' @656  5386 (150a)
 - public static final 'GL_OR_REVERSE' 'I' @660  5387 (150b)
 - public static final 'GL_COPY_INVERTED' 'I' @664  5388 (150c)
 - public static final 'GL_OR_INVERTED' 'I' @668  5389 (150d)
 - public static final 'GL_NAND' 'I' @672  5390 (150e)
 - public static final 'GL_SET' 'I' @676  5391 (150f)
 - public static final 'GL_TEXTURE' 'I' @680  5890 (1702)
 - public static final 'GL_COLOR' 'I' @684  6144 (1800)
 - public static final 'GL_DEPTH' 'I' @688  6145 (1801)
 - public static final 'GL_STENCIL' 'I' @692  6146 (1802)
 - public static final 'GL_STENCIL_INDEX' 'I' @696  6401 (1901)
 - public static final 'GL_DEPTH_COMPONENT' 'I' @700  6402 (1902)
 - public static final 'GL_RED' 'I' @704  6403 (1903)
 - public static final 'GL_GREEN' 'I' @708  6404 (1904)
 - public static final 'GL_BLUE' 'I' @712  6405 (1905)
 - public static final 'GL_ALPHA' 'I' @716  6406 (1906)
 - public static final 'GL_RGB' 'I' @720  6407 (1907)
 - public static final 'GL_RGBA' 'I' @724  6408 (1908)
 - public static final 'GL_POINT' 'I' @728  6912 (1b00)
 - public static final 'GL_LINE' 'I' @732  6913 (1b01)
 - public static final 'GL_FILL' 'I' @736  6914 (1b02)
 - public static final 'GL_KEEP' 'I' @740  7680 (1e00)
 - public static final 'GL_REPLACE' 'I' @744  7681 (1e01)
 - public static final 'GL_INCR' 'I' @748  7682 (1e02)
 - public static final 'GL_DECR' 'I' @752  7683 (1e03)
 - public static final 'GL_VENDOR' 'I' @756  7936 (1f00)
 - public static final 'GL_RENDERER' 'I' @760  7937 (1f01)
 - public static final 'GL_VERSION' 'I' @764  7938 (1f02)
 - public static final 'GL_EXTENSIONS' 'I' @768  7939 (1f03)
 - public static final 'GL_NEAREST' 'I' @772  9728 (2600)
 - public static final 'GL_LINEAR' 'I' @776  9729 (2601)
 - public static final 'GL_NEAREST_MIPMAP_NEAREST' 'I' @780  9984 (2700)
 - public static final 'GL_LINEAR_MIPMAP_NEAREST' 'I' @784  9985 (2701)
 - public static final 'GL_NEAREST_MIPMAP_LINEAR' 'I' @788  9986 (2702)
 - public static final 'GL_LINEAR_MIPMAP_LINEAR' 'I' @792  9987 (2703)
 - public static final 'GL_TEXTURE_MAG_FILTER' 'I' @796  10240 (2800)
 - public static final 'GL_TEXTURE_MIN_FILTER' 'I' @800  10241 (2801)
 - public static final 'GL_TEXTURE_WRAP_S' 'I' @804  10242 (2802)
 - public static final 'GL_TEXTURE_WRAP_T' 'I' @808  10243 (2803)
 - public static final 'GL_REPEAT' 'I' @812  10497 (2901)
 - public static final 'GL_POLYGON_OFFSET_FACTOR' 'I' @816  32824 (8038)
 - public static final 'GL_POLYGON_OFFSET_UNITS' 'I' @820  10752 (2a00)
 - public static final 'GL_POLYGON_OFFSET_POINT' 'I' @824  10753 (2a01)
 - public static final 'GL_POLYGON_OFFSET_LINE' 'I' @828  10754 (2a02)
 - public static final 'GL_POLYGON_OFFSET_FILL' 'I' @832  32823 (8037)
 - public static final 'GL_R3_G3_B2' 'I' @836  10768 (2a10)
 - public static final 'GL_RGB4' 'I' @840  32847 (804f)
 - public static final 'GL_RGB5' 'I' @844  32848 (8050)
 - public static final 'GL_RGB8' 'I' @848  32849 (8051)
 - public static final 'GL_RGB10' 'I' @852  32850 (8052)
 - public static final 'GL_RGB12' 'I' @856  32851 (8053)
 - public static final 'GL_RGB16' 'I' @860  32852 (8054)
 - public static final 'GL_RGBA2' 'I' @864  32853 (8055)
 - public static final 'GL_RGBA4' 'I' @868  32854 (8056)
 - public static final 'GL_RGB5_A1' 'I' @872  32855 (8057)
 - public static final 'GL_RGBA8' 'I' @876  32856 (8058)
 - public static final 'GL_RGB10_A2' 'I' @880  32857 (8059)
 - public static final 'GL_RGBA12' 'I' @884  32858 (805a)
 - public static final 'GL_RGBA16' 'I' @888  32859 (805b)
 - public static final 'GL_TEXTURE_RED_SIZE' 'I' @892  32860 (805c)
 - public static final 'GL_TEXTURE_GREEN_SIZE' 'I' @896  32861 (805d)
 - public static final 'GL_TEXTURE_BLUE_SIZE' 'I' @900  32862 (805e)
 - public static final 'GL_TEXTURE_ALPHA_SIZE' 'I' @904  32863 (805f)
 - public static final 'GL_PROXY_TEXTURE_1D' 'I' @908  32867 (8063)
 - public static final 'GL_PROXY_TEXTURE_2D' 'I' @912  32868 (8064)
 - public static final 'GL_TEXTURE_BINDING_1D' 'I' @916  32872 (8068)
 - public static final 'GL_TEXTURE_BINDING_2D' 'I' @920  32873 (8069)
 - public static final 'GL_VERTEX_ARRAY' 'I' @924  32884 (8074)
R12=0x0 is NULL
R13={method} {0x000001ceec4bad48} 'nglGetString' '(I)J' in 'org/lwjgl/opengl/GL11C'
R14=0x000000585e9fef70 is pointing into the stack for thread: 0x000001ce850cb230
R15=0x000001ce850cb230 is a thread


Registers:
RAX=0x000001cef026eaf0, RBX=0x000001ceec4bad40, RCX=0x0000000000000000, RDX=0x000000585e9fef60
RSP=0x000000585e9feed8, RBP=0x000000585e9fef50, RSI=0x0000000000000016, RDI=0x000001ce958c94fe
R8 =0x0000000000001f02, R9 =0x0000000000000002, R10=0x000001ce958cd5f2, R11=0x0000000713bfe2e8
R12=0x0000000000000000, R13=0x000001ceec4bad40, R14=0x000000585e9fef70, R15=0x000001ce850cb230
RIP=0x00007ffddf85c857, EFLAGS=0x0000000000010206

Top of Stack: (sp=0x000000585e9feed8)
0x000000585e9feed8:   000001ce958cd621 000001ceec4bad40
0x000000585e9feee8:   0000000000000016 0000000000000016
0x000000585e9feef8:   0000000000000000 000001ce958cd2f6
0x000000585e9fef08:   000000585e9fef08 000001ceec4bad40
0x000000585e9fef18:   000000585e9fef70 000001ceec4c3788
0x000000585e9fef28:   0000000000000000 0000000713bfe2e8
0x000000585e9fef38:   000001ceec4bad40 0000000000000000
0x000000585e9fef48:   000000585e9fef70 000000585e9fefc0
0x000000585e9fef58:   000001ce958c95cd 0000000713bfe2e8
0x000000585e9fef68:   000001ce958caf77 0000000000001f02
0x000000585e9fef78:   000000585e9fef78 000001ceec4badd9
0x000000585e9fef88:   000000585e9fefe0 000001ceec4c3788
0x000000585e9fef98:   0000000000000000 0000000713bfe2e8
0x000000585e9fefa8:   000001ceec4bae18 000000585e9fef70
0x000000585e9fefb8:   000000585e9fefe0 000000585e9ff030
0x000000585e9fefc8:   000001ce958c9657 0000000000000000 

Instructions: (pc=0x00007ffddf85c857)
0x00007ffddf85c757:   8b c8 4c 8b 50 18 49 ff a2 d8 02 00 00 cc cc cc
0x00007ffddf85c767:   cc cc cc cc cc cc cc cc cc 48 8b 01 49 8b d1 41
0x00007ffddf85c777:   8b c8 4c 8b 50 18 49 ff a2 e0 02 00 00 cc cc cc
0x00007ffddf85c787:   cc cc cc cc cc cc cc cc cc 48 8b 01 49 8b d1 41
0x00007ffddf85c797:   8b c8 4c 8b 50 18 49 ff a2 f0 02 00 00 cc cc cc
0x00007ffddf85c7a7:   cc cc cc cc cc cc cc cc cc 48 8b 01 49 8b d1 41
0x00007ffddf85c7b7:   8b c8 4c 8b 50 18 49 ff a2 f8 02 00 00 cc cc cc
0x00007ffddf85c7c7:   cc cc cc cc cc cc cc cc cc 48 8b 01 49 8b d1 41
0x00007ffddf85c7d7:   8b c8 4c 8b 50 18 49 ff a2 00 03 00 00 cc cc cc
0x00007ffddf85c7e7:   cc cc cc cc cc cc cc cc cc 48 8b 01 49 8b d1 41
0x00007ffddf85c7f7:   8b c8 4c 8b 50 18 49 ff a2 08 03 00 00 cc cc cc
0x00007ffddf85c807:   cc cc cc cc cc cc cc cc cc 48 8b 01 48 8b 48 18
0x00007ffddf85c817:   48 8b 81 10 03 00 00 48 ff e0 cc cc cc cc cc cc
0x00007ffddf85c827:   cc cc cc cc cc cc cc cc cc 48 8b 01 49 8b d1 41
0x00007ffddf85c837:   8b c8 4c 8b 50 18 49 ff a2 68 03 00 00 cc cc cc
0x00007ffddf85c847:   cc cc cc cc cc cc cc cc cc 48 8b 01 48 8b 48 18
0x00007ffddf85c857:   48 8b 81 78 03 00 00 41 8b c8 48 ff e0 cc cc cc
0x00007ffddf85c867:   cc cc cc cc cc cc cc cc cc 40 53 48 8b 01 41 8b
0x00007ffddf85c877:   d8 44 8b 44 24 30 41 8b d1 44 8b 4c 24 38 8b cb
0x00007ffddf85c887:   4c 8b 50 18 48 8b 44 24 40 48 89 44 24 30 5b 49
0x00007ffddf85c897:   ff a2 a8 03 00 00 cc cc cc 40 53 48 8b 01 41 8b
0x00007ffddf85c8a7:   d8 44 8b 44 24 30 41 8b d1 4c 8b 4c 24 38 8b cb
0x00007ffddf85c8b7:   4c 8b 50 18 5b 49 ff a2 b0 03 00 00 cc cc cc cc
0x00007ffddf85c8c7:   cc cc cc cc cc cc cc cc cc 40 53 48 8b 01 41 8b
0x00007ffddf85c8d7:   d8 44 8b 44 24 30 41 8b d1 4c 8b 4c 24 38 8b cb
0x00007ffddf85c8e7:   4c 8b 50 18 5b 49 ff a2 b8 03 00 00 cc cc cc cc
0x00007ffddf85c8f7:   cc cc cc cc cc cc cc cc cc 48 8b 01 45 8b d8 4c
0x00007ffddf85c907:   8b 44 24 28 41 8b d1 41 8b cb 4c 8b 50 18 49 ff
0x00007ffddf85c917:   a2 c0 03 00 00 cc cc cc cc 48 8b 01 45 8b d8 4c
0x00007ffddf85c927:   8b 44 24 28 41 8b d1 41 8b cb 4c 8b 50 18 49 ff
0x00007ffddf85c937:   a2 c8 03 00 00 cc cc cc cc 48 8b 01 41 8b d1 41
0x00007ffddf85c947:   8b c8 4c 8b 50 18 49 ff a2 d0 03 00 00 cc cc cc 


Stack slot to memory mapping:
stack at sp + 0 slots: 0x000001ce958cd621 is at code_begin+993 in an Interpreter codelet
method entry point (kind = native)  [0x000001ce958cd240, 0x000001ce958cdbc0]  2432 bytes
stack at sp + 1 slots: {method} {0x000001ceec4bad48} 'nglGetString' '(I)J' in 'org/lwjgl/opengl/GL11C'
stack at sp + 2 slots: 0x0000000000000016 is an unknown value
stack at sp + 3 slots: 0x0000000000000016 is an unknown value
stack at sp + 4 slots: 0x0 is NULL
stack at sp + 5 slots: 0x000001ce958cd2f6 is at code_begin+182 in an Interpreter codelet
method entry point (kind = native)  [0x000001ce958cd240, 0x000001ce958cdbc0]  2432 bytes
stack at sp + 6 slots: 0x000000585e9fef08 is pointing into the stack for thread: 0x000001ce850cb230
stack at sp + 7 slots: {method} {0x000001ceec4bad48} 'nglGetString' '(I)J' in 'org/lwjgl/opengl/GL11C'


---------------  P R O C E S S  ---------------

Threads class SMR info:
_java_thread_list=0x000001ceaa599b20, length=13, elements={
0x000001ce850cb230, 0x000001ceaa307830, 0x000001ceaa3086b0, 0x000001ceaa420ad0,
0x000001ceaa421690, 0x000001ceaa424560, 0x000001ceaa424f20, 0x000001ceaa429c30,
0x000001ceaa44a640, 0x000001ceaa44d050, 0x000001ceaa58b4b0, 0x000001ceaa58dde0,
0x000001ceaa70f830
}

Java Threads: ( => current thread )
=>0x000001ce850cb230 JavaThread "main" [_thread_in_native, id=22372, stack(0x000000585e900000,0x000000585ea00000)]
  0x000001ceaa307830 JavaThread "Reference Handler" daemon [_thread_blocked, id=14668, stack(0x000000585f000000,0x000000585f100000)]
  0x000001ceaa3086b0 JavaThread "Finalizer" daemon [_thread_blocked, id=18668, stack(0x000000585f100000,0x000000585f200000)]
  0x000001ceaa420ad0 JavaThread "Signal Dispatcher" daemon [_thread_blocked, id=21580, stack(0x000000585f200000,0x000000585f300000)]
  0x000001ceaa421690 JavaThread "Attach Listener" daemon [_thread_blocked, id=7484, stack(0x000000585f300000,0x000000585f400000)]
  0x000001ceaa424560 JavaThread "Service Thread" daemon [_thread_blocked, id=13176, stack(0x000000585f400000,0x000000585f500000)]
  0x000001ceaa424f20 JavaThread "Monitor Deflation Thread" daemon [_thread_blocked, id=13432, stack(0x000000585f500000,0x000000585f600000)]
  0x000001ceaa429c30 JavaThread "C2 CompilerThread0" daemon [_thread_blocked, id=12776, stack(0x000000585f600000,0x000000585f700000)]
  0x000001ceaa44a640 JavaThread "C1 CompilerThread0" daemon [_thread_blocked, id=17852, stack(0x000000585f700000,0x000000585f800000)]
  0x000001ceaa44d050 JavaThread "Sweeper thread" daemon [_thread_blocked, id=6588, stack(0x000000585f800000,0x000000585f900000)]
  0x000001ceaa58b4b0 JavaThread "Notification Thread" daemon [_thread_blocked, id=15848, stack(0x000000585f900000,0x000000585fa00000)]
  0x000001ceaa58dde0 JavaThread "Common-Cleaner" daemon [_thread_blocked, id=10944, stack(0x000000585fb00000,0x000000585fc00000)]
  0x000001ceaa70f830 JavaThread "C2 CompilerThread1" daemon [_thread_blocked, id=8400, stack(0x000000585fc00000,0x000000585fd00000)]

Other Threads:
  0x000001ceaa301810 VMThread "VM Thread" [stack: 0x000000585ef00000,0x000000585f000000] [id=6388]
  0x000001ceaa58d9a0 WatcherThread [stack: 0x000000585fa00000,0x000000585fb00000] [id=1448]
  0x000001ce8513ae40 GCTaskThread "GC Thread#0" [stack: 0x000000585ea00000,0x000000585eb00000] [id=21384]
  0x000001ce8514b950 ConcurrentGCThread "G1 Main Marker" [stack: 0x000000585eb00000,0x000000585ec00000] [id=4576]
  0x000001ce8514c360 ConcurrentGCThread "G1 Conc#0" [stack: 0x000000585ec00000,0x000000585ed00000] [id=19948]
  0x000001ce8517eb30 ConcurrentGCThread "G1 Refine#0" [stack: 0x000000585ed00000,0x000000585ee00000] [id=1424]
  0x000001ceaa1bb850 ConcurrentGCThread "G1 Service" [stack: 0x000000585ee00000,0x000000585ef00000] [id=8536]

Threads with active compile tasks:

VM state: not at safepoint (normal execution)

VM Mutex/Monitor currently owned by a thread: None

Heap address: 0x0000000704400000, size: 4028 MB, Compressed Oops mode: Zero based, Oop shift amount: 3

CDS archive(s) mapped at: [0x000001ceab000000-0x000001ceabbd0000-0x000001ceabbd0000), size 12386304, SharedBaseAddress: 0x000001ceab000000, ArchiveRelocationMode: 1.
Compressed class space mapped at: 0x000001ceac000000-0x000001ceec000000, reserved size: 1073741824
Narrow klass base: 0x000001ceab000000, Narrow klass shift: 0, Narrow klass range: 0x100000000

GC Precious Log:
 CPUs: 12 total, 12 available
 Memory: 16108M
 Large Page Support: Disabled
 NUMA Support: Disabled
 Compressed Oops: Enabled (Zero based)
 Heap Region Size: 2M
 Heap Min Capacity: 8M
 Heap Initial Capacity: 252M
 Heap Max Capacity: 4028M
 Pre-touch: Disabled
 Parallel Workers: 10
 Concurrent Workers: 3
 Concurrent Refinement Workers: 10
 Periodic GC: Disabled

Heap:
 garbage-first heap   total 258048K, used 6144K [0x0000000704400000, 0x0000000800000000)
  region size 2048K, 4 young (8192K), 0 survivors (0K)
 Metaspace       used 2433K, committed 2688K, reserved 1114112K
  class space    used 191K, committed 320K, reserved 1048576K

Heap Regions: E=young(eden), S=young(survivor), O=old, HS=humongous(starts), HC=humongous(continues), CS=collection set, F=free, OA=open archive, CA=closed archive, TAMS=top-at-mark-start (previous, next)
|   0|0x0000000704400000, 0x0000000704400000, 0x0000000704600000|  0%| F|  |TAMS 0x0000000704400000, 0x0000000704400000| Untracked 
|   1|0x0000000704600000, 0x0000000704600000, 0x0000000704800000|  0%| F|  |TAMS 0x0000000704600000, 0x0000000704600000| Untracked 
|   2|0x0000000704800000, 0x0000000704800000, 0x0000000704a00000|  0%| F|  |TAMS 0x0000000704800000, 0x0000000704800000| Untracked 
|   3|0x0000000704a00000, 0x0000000704a00000, 0x0000000704c00000|  0%| F|  |TAMS 0x0000000704a00000, 0x0000000704a00000| Untracked 
|   4|0x0000000704c00000, 0x0000000704c00000, 0x0000000704e00000|  0%| F|  |TAMS 0x0000000704c00000, 0x0000000704c00000| Untracked 
|   5|0x0000000704e00000, 0x0000000704e00000, 0x0000000705000000|  0%| F|  |TAMS 0x0000000704e00000, 0x0000000704e00000| Untracked 
|   6|0x0000000705000000, 0x0000000705000000, 0x0000000705200000|  0%| F|  |TAMS 0x0000000705000000, 0x0000000705000000| Untracked 
|   7|0x0000000705200000, 0x0000000705200000, 0x0000000705400000|  0%| F|  |TAMS 0x0000000705200000, 0x0000000705200000| Untracked 
|   8|0x0000000705400000, 0x0000000705400000, 0x0000000705600000|  0%| F|  |TAMS 0x0000000705400000, 0x0000000705400000| Untracked 
|   9|0x0000000705600000, 0x0000000705600000, 0x0000000705800000|  0%| F|  |TAMS 0x0000000705600000, 0x0000000705600000| Untracked 
|  10|0x0000000705800000, 0x0000000705800000, 0x0000000705a00000|  0%| F|  |TAMS 0x0000000705800000, 0x0000000705800000| Untracked 
|  11|0x0000000705a00000, 0x0000000705a00000, 0x0000000705c00000|  0%| F|  |TAMS 0x0000000705a00000, 0x0000000705a00000| Untracked 
|  12|0x0000000705c00000, 0x0000000705c00000, 0x0000000705e00000|  0%| F|  |TAMS 0x0000000705c00000, 0x0000000705c00000| Untracked 
|  13|0x0000000705e00000, 0x0000000705e00000, 0x0000000706000000|  0%| F|  |TAMS 0x0000000705e00000, 0x0000000705e00000| Untracked 
|  14|0x0000000706000000, 0x0000000706000000, 0x0000000706200000|  0%| F|  |TAMS 0x0000000706000000, 0x0000000706000000| Untracked 
|  15|0x0000000706200000, 0x0000000706200000, 0x0000000706400000|  0%| F|  |TAMS 0x0000000706200000, 0x0000000706200000| Untracked 
|  16|0x0000000706400000, 0x0000000706400000, 0x0000000706600000|  0%| F|  |TAMS 0x0000000706400000, 0x0000000706400000| Untracked 
|  17|0x0000000706600000, 0x0000000706600000, 0x0000000706800000|  0%| F|  |TAMS 0x0000000706600000, 0x0000000706600000| Untracked 
|  18|0x0000000706800000, 0x0000000706800000, 0x0000000706a00000|  0%| F|  |TAMS 0x0000000706800000, 0x0000000706800000| Untracked 
|  19|0x0000000706a00000, 0x0000000706a00000, 0x0000000706c00000|  0%| F|  |TAMS 0x0000000706a00000, 0x0000000706a00000| Untracked 
|  20|0x0000000706c00000, 0x0000000706c00000, 0x0000000706e00000|  0%| F|  |TAMS 0x0000000706c00000, 0x0000000706c00000| Untracked 
|  21|0x0000000706e00000, 0x0000000706e00000, 0x0000000707000000|  0%| F|  |TAMS 0x0000000706e00000, 0x0000000706e00000| Untracked 
|  22|0x0000000707000000, 0x0000000707000000, 0x0000000707200000|  0%| F|  |TAMS 0x0000000707000000, 0x0000000707000000| Untracked 
|  23|0x0000000707200000, 0x0000000707200000, 0x0000000707400000|  0%| F|  |TAMS 0x0000000707200000, 0x0000000707200000| Untracked 
|  24|0x0000000707400000, 0x0000000707400000, 0x0000000707600000|  0%| F|  |TAMS 0x0000000707400000, 0x0000000707400000| Untracked 
|  25|0x0000000707600000, 0x0000000707600000, 0x0000000707800000|  0%| F|  |TAMS 0x0000000707600000, 0x0000000707600000| Untracked 
|  26|0x0000000707800000, 0x0000000707800000, 0x0000000707a00000|  0%| F|  |TAMS 0x0000000707800000, 0x0000000707800000| Untracked 
|  27|0x0000000707a00000, 0x0000000707a00000, 0x0000000707c00000|  0%| F|  |TAMS 0x0000000707a00000, 0x0000000707a00000| Untracked 
|  28|0x0000000707c00000, 0x0000000707c00000, 0x0000000707e00000|  0%| F|  |TAMS 0x0000000707c00000, 0x0000000707c00000| Untracked 
|  29|0x0000000707e00000, 0x0000000707e00000, 0x0000000708000000|  0%| F|  |TAMS 0x0000000707e00000, 0x0000000707e00000| Untracked 
|  30|0x0000000708000000, 0x0000000708000000, 0x0000000708200000|  0%| F|  |TAMS 0x0000000708000000, 0x0000000708000000| Untracked 
|  31|0x0000000708200000, 0x0000000708200000, 0x0000000708400000|  0%| F|  |TAMS 0x0000000708200000, 0x0000000708200000| Untracked 
|  32|0x0000000708400000, 0x0000000708400000, 0x0000000708600000|  0%| F|  |TAMS 0x0000000708400000, 0x0000000708400000| Untracked 
|  33|0x0000000708600000, 0x0000000708600000, 0x0000000708800000|  0%| F|  |TAMS 0x0000000708600000, 0x0000000708600000| Untracked 
|  34|0x0000000708800000, 0x0000000708800000, 0x0000000708a00000|  0%| F|  |TAMS 0x0000000708800000, 0x0000000708800000| Untracked 
|  35|0x0000000708a00000, 0x0000000708a00000, 0x0000000708c00000|  0%| F|  |TAMS 0x0000000708a00000, 0x0000000708a00000| Untracked 
|  36|0x0000000708c00000, 0x0000000708c00000, 0x0000000708e00000|  0%| F|  |TAMS 0x0000000708c00000, 0x0000000708c00000| Untracked 
|  37|0x0000000708e00000, 0x0000000708e00000, 0x0000000709000000|  0%| F|  |TAMS 0x0000000708e00000, 0x0000000708e00000| Untracked 
|  38|0x0000000709000000, 0x0000000709000000, 0x0000000709200000|  0%| F|  |TAMS 0x0000000709000000, 0x0000000709000000| Untracked 
|  39|0x0000000709200000, 0x0000000709200000, 0x0000000709400000|  0%| F|  |TAMS 0x0000000709200000, 0x0000000709200000| Untracked 
|  40|0x0000000709400000, 0x0000000709400000, 0x0000000709600000|  0%| F|  |TAMS 0x0000000709400000, 0x0000000709400000| Untracked 
|  41|0x0000000709600000, 0x0000000709600000, 0x0000000709800000|  0%| F|  |TAMS 0x0000000709600000, 0x0000000709600000| Untracked 
|  42|0x0000000709800000, 0x0000000709800000, 0x0000000709a00000|  0%| F|  |TAMS 0x0000000709800000, 0x0000000709800000| Untracked 
|  43|0x0000000709a00000, 0x0000000709a00000, 0x0000000709c00000|  0%| F|  |TAMS 0x0000000709a00000, 0x0000000709a00000| Untracked 
|  44|0x0000000709c00000, 0x0000000709c00000, 0x0000000709e00000|  0%| F|  |TAMS 0x0000000709c00000, 0x0000000709c00000| Untracked 
|  45|0x0000000709e00000, 0x0000000709e00000, 0x000000070a000000|  0%| F|  |TAMS 0x0000000709e00000, 0x0000000709e00000| Untracked 
|  46|0x000000070a000000, 0x000000070a000000, 0x000000070a200000|  0%| F|  |TAMS 0x000000070a000000, 0x000000070a000000| Untracked 
|  47|0x000000070a200000, 0x000000070a200000, 0x000000070a400000|  0%| F|  |TAMS 0x000000070a200000, 0x000000070a200000| Untracked 
|  48|0x000000070a400000, 0x000000070a400000, 0x000000070a600000|  0%| F|  |TAMS 0x000000070a400000, 0x000000070a400000| Untracked 
|  49|0x000000070a600000, 0x000000070a600000, 0x000000070a800000|  0%| F|  |TAMS 0x000000070a600000, 0x000000070a600000| Untracked 
|  50|0x000000070a800000, 0x000000070a800000, 0x000000070aa00000|  0%| F|  |TAMS 0x000000070a800000, 0x000000070a800000| Untracked 
|  51|0x000000070aa00000, 0x000000070aa00000, 0x000000070ac00000|  0%| F|  |TAMS 0x000000070aa00000, 0x000000070aa00000| Untracked 
|  52|0x000000070ac00000, 0x000000070ac00000, 0x000000070ae00000|  0%| F|  |TAMS 0x000000070ac00000, 0x000000070ac00000| Untracked 
|  53|0x000000070ae00000, 0x000000070ae00000, 0x000000070b000000|  0%| F|  |TAMS 0x000000070ae00000, 0x000000070ae00000| Untracked 
|  54|0x000000070b000000, 0x000000070b000000, 0x000000070b200000|  0%| F|  |TAMS 0x000000070b000000, 0x000000070b000000| Untracked 
|  55|0x000000070b200000, 0x000000070b200000, 0x000000070b400000|  0%| F|  |TAMS 0x000000070b200000, 0x000000070b200000| Untracked 
|  56|0x000000070b400000, 0x000000070b400000, 0x000000070b600000|  0%| F|  |TAMS 0x000000070b400000, 0x000000070b400000| Untracked 
|  57|0x000000070b600000, 0x000000070b600000, 0x000000070b800000|  0%| F|  |TAMS 0x000000070b600000, 0x000000070b600000| Untracked 
|  58|0x000000070b800000, 0x000000070b800000, 0x000000070ba00000|  0%| F|  |TAMS 0x000000070b800000, 0x000000070b800000| Untracked 
|  59|0x000000070ba00000, 0x000000070ba00000, 0x000000070bc00000|  0%| F|  |TAMS 0x000000070ba00000, 0x000000070ba00000| Untracked 
|  60|0x000000070bc00000, 0x000000070bc00000, 0x000000070be00000|  0%| F|  |TAMS 0x000000070bc00000, 0x000000070bc00000| Untracked 
|  61|0x000000070be00000, 0x000000070be00000, 0x000000070c000000|  0%| F|  |TAMS 0x000000070be00000, 0x000000070be00000| Untracked 
|  62|0x000000070c000000, 0x000000070c000000, 0x000000070c200000|  0%| F|  |TAMS 0x000000070c000000, 0x000000070c000000| Untracked 
|  63|0x000000070c200000, 0x000000070c200000, 0x000000070c400000|  0%| F|  |TAMS 0x000000070c200000, 0x000000070c200000| Untracked 
|  64|0x000000070c400000, 0x000000070c400000, 0x000000070c600000|  0%| F|  |TAMS 0x000000070c400000, 0x000000070c400000| Untracked 
|  65|0x000000070c600000, 0x000000070c600000, 0x000000070c800000|  0%| F|  |TAMS 0x000000070c600000, 0x000000070c600000| Untracked 
|  66|0x000000070c800000, 0x000000070c800000, 0x000000070ca00000|  0%| F|  |TAMS 0x000000070c800000, 0x000000070c800000| Untracked 
|  67|0x000000070ca00000, 0x000000070ca00000, 0x000000070cc00000|  0%| F|  |TAMS 0x000000070ca00000, 0x000000070ca00000| Untracked 
|  68|0x000000070cc00000, 0x000000070cc00000, 0x000000070ce00000|  0%| F|  |TAMS 0x000000070cc00000, 0x000000070cc00000| Untracked 
|  69|0x000000070ce00000, 0x000000070ce00000, 0x000000070d000000|  0%| F|  |TAMS 0x000000070ce00000, 0x000000070ce00000| Untracked 
|  70|0x000000070d000000, 0x000000070d000000, 0x000000070d200000|  0%| F|  |TAMS 0x000000070d000000, 0x000000070d000000| Untracked 
|  71|0x000000070d200000, 0x000000070d200000, 0x000000070d400000|  0%| F|  |TAMS 0x000000070d200000, 0x000000070d200000| Untracked 
|  72|0x000000070d400000, 0x000000070d400000, 0x000000070d600000|  0%| F|  |TAMS 0x000000070d400000, 0x000000070d400000| Untracked 
|  73|0x000000070d600000, 0x000000070d600000, 0x000000070d800000|  0%| F|  |TAMS 0x000000070d600000, 0x000000070d600000| Untracked 
|  74|0x000000070d800000, 0x000000070d800000, 0x000000070da00000|  0%| F|  |TAMS 0x000000070d800000, 0x000000070d800000| Untracked 
|  75|0x000000070da00000, 0x000000070da00000, 0x000000070dc00000|  0%| F|  |TAMS 0x000000070da00000, 0x000000070da00000| Untracked 
|  76|0x000000070dc00000, 0x000000070dc00000, 0x000000070de00000|  0%| F|  |TAMS 0x000000070dc00000, 0x000000070dc00000| Untracked 
|  77|0x000000070de00000, 0x000000070de00000, 0x000000070e000000|  0%| F|  |TAMS 0x000000070de00000, 0x000000070de00000| Untracked 
|  78|0x000000070e000000, 0x000000070e000000, 0x000000070e200000|  0%| F|  |TAMS 0x000000070e000000, 0x000000070e000000| Untracked 
|  79|0x000000070e200000, 0x000000070e200000, 0x000000070e400000|  0%| F|  |TAMS 0x000000070e200000, 0x000000070e200000| Untracked 
|  80|0x000000070e400000, 0x000000070e400000, 0x000000070e600000|  0%| F|  |TAMS 0x000000070e400000, 0x000000070e400000| Untracked 
|  81|0x000000070e600000, 0x000000070e600000, 0x000000070e800000|  0%| F|  |TAMS 0x000000070e600000, 0x000000070e600000| Untracked 
|  82|0x000000070e800000, 0x000000070e800000, 0x000000070ea00000|  0%| F|  |TAMS 0x000000070e800000, 0x000000070e800000| Untracked 
|  83|0x000000070ea00000, 0x000000070ea00000, 0x000000070ec00000|  0%| F|  |TAMS 0x000000070ea00000, 0x000000070ea00000| Untracked 
|  84|0x000000070ec00000, 0x000000070ec00000, 0x000000070ee00000|  0%| F|  |TAMS 0x000000070ec00000, 0x000000070ec00000| Untracked 
|  85|0x000000070ee00000, 0x000000070ee00000, 0x000000070f000000|  0%| F|  |TAMS 0x000000070ee00000, 0x000000070ee00000| Untracked 
|  86|0x000000070f000000, 0x000000070f000000, 0x000000070f200000|  0%| F|  |TAMS 0x000000070f000000, 0x000000070f000000| Untracked 
|  87|0x000000070f200000, 0x000000070f200000, 0x000000070f400000|  0%| F|  |TAMS 0x000000070f200000, 0x000000070f200000| Untracked 
|  88|0x000000070f400000, 0x000000070f400000, 0x000000070f600000|  0%| F|  |TAMS 0x000000070f400000, 0x000000070f400000| Untracked 
|  89|0x000000070f600000, 0x000000070f600000, 0x000000070f800000|  0%| F|  |TAMS 0x000000070f600000, 0x000000070f600000| Untracked 
|  90|0x000000070f800000, 0x000000070f800000, 0x000000070fa00000|  0%| F|  |TAMS 0x000000070f800000, 0x000000070f800000| Untracked 
|  91|0x000000070fa00000, 0x000000070fa00000, 0x000000070fc00000|  0%| F|  |TAMS 0x000000070fa00000, 0x000000070fa00000| Untracked 
|  92|0x000000070fc00000, 0x000000070fc00000, 0x000000070fe00000|  0%| F|  |TAMS 0x000000070fc00000, 0x000000070fc00000| Untracked 
|  93|0x000000070fe00000, 0x000000070fe00000, 0x0000000710000000|  0%| F|  |TAMS 0x000000070fe00000, 0x000000070fe00000| Untracked 
|  94|0x0000000710000000, 0x0000000710000000, 0x0000000710200000|  0%| F|  |TAMS 0x0000000710000000, 0x0000000710000000| Untracked 
|  95|0x0000000710200000, 0x0000000710200000, 0x0000000710400000|  0%| F|  |TAMS 0x0000000710200000, 0x0000000710200000| Untracked 
|  96|0x0000000710400000, 0x0000000710400000, 0x0000000710600000|  0%| F|  |TAMS 0x0000000710400000, 0x0000000710400000| Untracked 
|  97|0x0000000710600000, 0x0000000710600000, 0x0000000710800000|  0%| F|  |TAMS 0x0000000710600000, 0x0000000710600000| Untracked 
|  98|0x0000000710800000, 0x0000000710800000, 0x0000000710a00000|  0%| F|  |TAMS 0x0000000710800000, 0x0000000710800000| Untracked 
|  99|0x0000000710a00000, 0x0000000710a00000, 0x0000000710c00000|  0%| F|  |TAMS 0x0000000710a00000, 0x0000000710a00000| Untracked 
| 100|0x0000000710c00000, 0x0000000710c00000, 0x0000000710e00000|  0%| F|  |TAMS 0x0000000710c00000, 0x0000000710c00000| Untracked 
| 101|0x0000000710e00000, 0x0000000710e00000, 0x0000000711000000|  0%| F|  |TAMS 0x0000000710e00000, 0x0000000710e00000| Untracked 
| 102|0x0000000711000000, 0x0000000711000000, 0x0000000711200000|  0%| F|  |TAMS 0x0000000711000000, 0x0000000711000000| Untracked 
| 103|0x0000000711200000, 0x0000000711200000, 0x0000000711400000|  0%| F|  |TAMS 0x0000000711200000, 0x0000000711200000| Untracked 
| 104|0x0000000711400000, 0x0000000711400000, 0x0000000711600000|  0%| F|  |TAMS 0x0000000711400000, 0x0000000711400000| Untracked 
| 105|0x0000000711600000, 0x0000000711600000, 0x0000000711800000|  0%| F|  |TAMS 0x0000000711600000, 0x0000000711600000| Untracked 
| 106|0x0000000711800000, 0x0000000711800000, 0x0000000711a00000|  0%| F|  |TAMS 0x0000000711800000, 0x0000000711800000| Untracked 
| 107|0x0000000711a00000, 0x0000000711a00000, 0x0000000711c00000|  0%| F|  |TAMS 0x0000000711a00000, 0x0000000711a00000| Untracked 
| 108|0x0000000711c00000, 0x0000000711c00000, 0x0000000711e00000|  0%| F|  |TAMS 0x0000000711c00000, 0x0000000711c00000| Untracked 
| 109|0x0000000711e00000, 0x0000000711e00000, 0x0000000712000000|  0%| F|  |TAMS 0x0000000711e00000, 0x0000000711e00000| Untracked 
| 110|0x0000000712000000, 0x0000000712000000, 0x0000000712200000|  0%| F|  |TAMS 0x0000000712000000, 0x0000000712000000| Untracked 
| 111|0x0000000712200000, 0x0000000712200000, 0x0000000712400000|  0%| F|  |TAMS 0x0000000712200000, 0x0000000712200000| Untracked 
| 112|0x0000000712400000, 0x0000000712400000, 0x0000000712600000|  0%| F|  |TAMS 0x0000000712400000, 0x0000000712400000| Untracked 
| 113|0x0000000712600000, 0x0000000712600000, 0x0000000712800000|  0%| F|  |TAMS 0x0000000712600000, 0x0000000712600000| Untracked 
| 114|0x0000000712800000, 0x0000000712800000, 0x0000000712a00000|  0%| F|  |TAMS 0x0000000712800000, 0x0000000712800000| Untracked 
| 115|0x0000000712a00000, 0x0000000712a00000, 0x0000000712c00000|  0%| F|  |TAMS 0x0000000712a00000, 0x0000000712a00000| Untracked 
| 116|0x0000000712c00000, 0x0000000712c00000, 0x0000000712e00000|  0%| F|  |TAMS 0x0000000712c00000, 0x0000000712c00000| Untracked 
| 117|0x0000000712e00000, 0x0000000712e00000, 0x0000000713000000|  0%| F|  |TAMS 0x0000000712e00000, 0x0000000712e00000| Untracked 
| 118|0x0000000713000000, 0x0000000713000000, 0x0000000713200000|  0%| F|  |TAMS 0x0000000713000000, 0x0000000713000000| Untracked 
| 119|0x0000000713200000, 0x0000000713200000, 0x0000000713400000|  0%| F|  |TAMS 0x0000000713200000, 0x0000000713200000| Untracked 
| 120|0x0000000713400000, 0x0000000713400000, 0x0000000713600000|  0%| F|  |TAMS 0x0000000713400000, 0x0000000713400000| Untracked 
| 121|0x0000000713600000, 0x0000000713600000, 0x0000000713800000|  0%| F|  |TAMS 0x0000000713600000, 0x0000000713600000| Untracked 
| 122|0x0000000713800000, 0x000000071381a938, 0x0000000713a00000|  5%| E|  |TAMS 0x0000000713800000, 0x0000000713800000| Complete 
| 123|0x0000000713a00000, 0x0000000713c00000, 0x0000000713c00000|100%| E|CS|TAMS 0x0000000713a00000, 0x0000000713a00000| Complete 
| 124|0x0000000713c00000, 0x0000000713e00000, 0x0000000713e00000|100%| E|CS|TAMS 0x0000000713c00000, 0x0000000713c00000| Complete 
| 125|0x0000000713e00000, 0x0000000714000000, 0x0000000714000000|100%| E|CS|TAMS 0x0000000713e00000, 0x0000000713e00000| Complete 

Card table byte_map: [0x000001ce9e820000,0x000001ce9f000000] _byte_map_base: 0x000001ce9affe000

Marking Bits (Prev, Next): (CMBitMap*) 0x000001ce8513b460, (CMBitMap*) 0x000001ce8513b4a0
 Prev Bits: [0x000001ce9f7e0000, 0x000001cea36d0000)
 Next Bits: [0x000001cea36d0000, 0x000001cea75c0000)

Polling page: 0x000001ce85180000

Metaspace:

Usage:
  Non-class:      2.19 MB used.
      Class:    191.48 KB used.
       Both:      2.38 MB used.

Virtual space:
  Non-class space:       64.00 MB reserved,       2.31 MB (  4%) committed,  1 nodes.
      Class space:        1.00 GB reserved,     320.00 KB ( <1%) committed,  1 nodes.
             Both:        1.06 GB reserved,       2.63 MB ( <1%) committed. 

Chunk freelists:
   Non-Class:  11.22 MB
       Class:  15.68 MB
        Both:  26.90 MB

MaxMetaspaceSize: unlimited
CompressedClassSpaceSize: 1.00 GB
Initial GC threshold: 21.00 MB
Current GC threshold: 21.00 MB
CDS: on
MetaspaceReclaimPolicy: balanced
 - commit_granule_bytes: 65536.
 - commit_granule_words: 8192.
 - virtual_space_node_default_size: 8388608.
 - enlarge_chunks_in_place: 1.
 - new_chunks_are_fully_committed: 0.
 - uncommit_free_chunks: 1.
 - use_allocation_guard: 0.
 - handle_deallocations: 1.


Internal statistics:

num_allocs_failed_limit: 0.
num_arena_births: 62.
num_arena_deaths: 0.
num_vsnodes_births: 2.
num_vsnodes_deaths: 0.
num_space_committed: 42.
num_space_uncommitted: 0.
num_chunks_returned_to_freelist: 0.
num_chunks_taken_from_freelist: 116.
num_chunk_merges: 0.
num_chunk_splits: 70.
num_chunks_enlarged: 41.
num_inconsistent_stats: 0.

CodeHeap 'non-profiled nmethods': size=120000Kb used=157Kb max_used=157Kb free=119842Kb
 bounds [0x000001ce95e60000, 0x000001ce960d0000, 0x000001ce9d390000]
CodeHeap 'profiled nmethods': size=120000Kb used=741Kb max_used=741Kb free=119258Kb
 bounds [0x000001ce8e390000, 0x000001ce8e600000, 0x000001ce958c0000]
CodeHeap 'non-nmethods': size=5760Kb used=1159Kb max_used=1171Kb free=4600Kb
 bounds [0x000001ce958c0000, 0x000001ce95b30000, 0x000001ce95e60000]
 total_blobs=936 nmethods=488 adapters=361
 compilation: enabled
              stopped_count=0, restarted_count=0
 full_count=0

Compilation events (20 events):
Event: 0.176 Thread 0x000001ceaa44a640  474       1       java.security.CodeSource::getLocationNoFragString (5 bytes)
Event: 0.176 Thread 0x000001ceaa44a640 nmethod 474 0x000001ce95e86490 code [0x000001ce95e86620, 0x000001ce95e866f8]
Event: 0.176 Thread 0x000001ceaa44a640  475       3       java.util.regex.Pattern::has (15 bytes)
Event: 0.176 Thread 0x000001ceaa44a640 nmethod 475 0x000001ce8e444790 code [0x000001ce8e444920, 0x000001ce8e444a98]
Event: 0.176 Thread 0x000001ceaa44a640  478       3       java.lang.invoke.LambdaForm$Name::initIndex (26 bytes)
Event: 0.176 Thread 0x000001ceaa44a640 nmethod 478 0x000001ce8e444b10 code [0x000001ce8e444ca0, 0x000001ce8e444e58]
Event: 0.176 Thread 0x000001ceaa44a640  479       3       java.lang.StringBuilder::append (8 bytes)
Event: 0.176 Thread 0x000001ceaa44a640 nmethod 479 0x000001ce8e444f10 code [0x000001ce8e4450a0, 0x000001ce8e4451e8]
Event: 0.176 Thread 0x000001ceaa44a640  476       3       java.util.regex.Pattern::peek (26 bytes)
Event: 0.176 Thread 0x000001ceaa44a640 nmethod 476 0x000001ce8e445290 code [0x000001ce8e445440, 0x000001ce8e4456a8]
Event: 0.178 Thread 0x000001ceaa44a640  483       3       java.io.WinNTFileSystem::prefixLength (91 bytes)
Event: 0.178 Thread 0x000001ceaa44a640 nmethod 483 0x000001ce8e445810 code [0x000001ce8e445b20, 0x000001ce8e446eb8]
Event: 0.178 Thread 0x000001ceaa44a640  487       3       org.lwjgl.system.MemoryUtil::memPutAddress (29 bytes)
Event: 0.178 Thread 0x000001ceaa44a640 nmethod 487 0x000001ce8e447590 code [0x000001ce8e447740, 0x000001ce8e447938]
Event: 0.178 Thread 0x000001ceaa44a640  485       3       java.lang.Integer::toUnsignedLong (7 bytes)
Event: 0.178 Thread 0x000001ceaa44a640 nmethod 485 0x000001ce8e447a10 code [0x000001ce8e447ba0, 0x000001ce8e447c98]
Event: 0.178 Thread 0x000001ceaa44a640  486       3       sun.misc.Unsafe::putLong (11 bytes)
Event: 0.178 Thread 0x000001ceaa44a640 nmethod 486 0x000001ce8e447d10 code [0x000001ce8e447ea0, 0x000001ce8e447fb8]
Event: 0.179 Thread 0x000001ceaa44a640  488   !   3       java.util.zip.InflaterInputStream::read (138 bytes)
Event: 0.179 Thread 0x000001ceaa44a640 nmethod 488 0x000001ce8e448090 code [0x000001ce8e448340, 0x000001ce8e449078]

GC Heap History (0 events):
No events

Dll operation events (8 events):
Event: 0.005 Loaded shared library C:\Program Files - The Second Coming\AmazonCorretto\jdk17.0.8_8\bin\java.dll
Event: 0.019 Loaded shared library C:\Program Files - The Second Coming\AmazonCorretto\jdk17.0.8_8\bin\jsvml.dll
Event: 0.053 Loaded shared library C:\Program Files - The Second Coming\AmazonCorretto\jdk17.0.8_8\bin\net.dll
Event: 0.054 Loaded shared library C:\Program Files - The Second Coming\AmazonCorretto\jdk17.0.8_8\bin\nio.dll
Event: 0.057 Loaded shared library C:\Program Files - The Second Coming\AmazonCorretto\jdk17.0.8_8\bin\zip.dll
Event: 0.105 Loaded shared library C:\Program Files - The Second Coming\AmazonCorretto\jdk17.0.8_8\bin\jimage.dll
Event: 0.119 Loaded shared library C:\Users\buchn\AppData\Local\Temp\lwjgl_buchn\3.3.3+5\x64\lwjgl.dll
Event: 0.152 Loaded shared library C:\Users\buchn\AppData\Local\Temp\lwjgl_buchn\3.3.3+5\x64\lwjgl_opengl.dll

Deoptimization events (8 events):
Event: 0.101 Thread 0x000001ce850cb230 DEOPT PACKING pc=0x000001ce8e3a3567 sp=0x000000585e9f9510
Event: 0.101 Thread 0x000001ce850cb230 DEOPT UNPACKING pc=0x000001ce95917143 sp=0x000000585e9f8930 mode 0
Event: 0.113 Thread 0x000001ce850cb230 DEOPT PACKING pc=0x000001ce8e3952d1 sp=0x000000585e9fc570
Event: 0.113 Thread 0x000001ce850cb230 DEOPT UNPACKING pc=0x000001ce95917143 sp=0x000000585e9fb9e8 mode 0
Event: 0.113 Thread 0x000001ce850cb230 Uncommon trap: trap_request=0xffffff45 fr.pc=0x000001ce95e679e4 relative=0x0000000000000064
Event: 0.113 Thread 0x000001ce850cb230 Uncommon trap: reason=unstable_if action=reinterpret pc=0x000001ce95e679e4 method=java.io.WinNTFileSystem.isSlash(C)Z @ 9 c2
Event: 0.113 Thread 0x000001ce850cb230 DEOPT PACKING pc=0x000001ce95e679e4 sp=0x000000585e9fc6e0
Event: 0.113 Thread 0x000001ce850cb230 DEOPT UNPACKING pc=0x000001ce959169a3 sp=0x000000585e9fc668 mode 2

Classes unloaded (0 events):
No events

Classes redefined (0 events):
No events

Internal exceptions (18 events):
Event: 0.088 Thread 0x000001ce850cb230 Exception <a 'java/lang/NoSuchMethodError'{0x0000000713d40058}: 'void java.lang.invoke.DirectMethodHandle$Holder.invokeStatic(java.lang.Object, java.lang.Object)'> (0x0000000713d40058) 
thrown [s\src\hotspot\share\interpreter\linkResolver.cpp, line 759]
Event: 0.089 Thread 0x000001ce850cb230 Exception <a 'java/lang/NoSuchMethodError'{0x0000000713d45a88}: 'void java.lang.invoke.DirectMethodHandle$Holder.invokeSpecial(java.lang.Object, java.lang.Object, java.lang.Object)'> (0x0000000713d45a88) 
thrown [s\src\hotspot\share\interpreter\linkResolver.cpp, line 759]
Event: 0.091 Thread 0x000001ce850cb230 Exception <a 'java/lang/NoSuchMethodError'{0x0000000713d54cc8}: 'java.lang.Object java.lang.invoke.DirectMethodHandle$Holder.invokeStatic(java.lang.Object, java.lang.Object, int)'> (0x0000000713d54cc8) 
thrown [s\src\hotspot\share\interpreter\linkResolver.cpp, line 759]
Event: 0.092 Thread 0x000001ce850cb230 Exception <a 'java/lang/NoSuchMethodError'{0x0000000713d60ab0}: 'void java.lang.invoke.DelegatingMethodHandle$Holder.delegate(java.lang.Object, java.lang.Object, int, java.lang.Object)'> (0x0000000713d60ab0) 
thrown [s\src\hotspot\share\interpreter\linkResolver.cpp, line 759]
Event: 0.092 Thread 0x000001ce850cb230 Exception <a 'java/lang/NoSuchMethodError'{0x0000000713d64cf0}: 'int java.lang.invoke.DirectMethodHandle$Holder.invokeSpecial(java.lang.Object, java.lang.Object, java.lang.Object)'> (0x0000000713d64cf0) 
thrown [s\src\hotspot\share\interpreter\linkResolver.cpp, line 759]
Event: 0.118 Thread 0x000001ce850cb230 Exception <a 'sun/nio/fs/WindowsException'{0x0000000713a2b230}> (0x0000000713a2b230) 
thrown [s\src\hotspot\share\prims\jni.cpp, line 516]
Event: 0.118 Thread 0x000001ce850cb230 Exception <a 'sun/nio/fs/WindowsException'{0x0000000713a2b780}> (0x0000000713a2b780) 
thrown [s\src\hotspot\share\prims\jni.cpp, line 516]
Event: 0.151 Thread 0x000001ce850cb230 Exception <a 'sun/nio/fs/WindowsException'{0x0000000713b03720}> (0x0000000713b03720) 
thrown [s\src\hotspot\share\prims\jni.cpp, line 516]
Event: 0.152 Thread 0x000001ce850cb230 Exception <a 'sun/nio/fs/WindowsException'{0x0000000713b03ac0}> (0x0000000713b03ac0) 
thrown [s\src\hotspot\share\prims\jni.cpp, line 516]
Event: 0.156 Thread 0x000001ce850cb230 Exception <a 'sun/nio/fs/WindowsException'{0x0000000713b0ebc8}> (0x0000000713b0ebc8) 
thrown [s\src\hotspot\share\prims\jni.cpp, line 516]
Event: 0.156 Thread 0x000001ce850cb230 Exception <a 'sun/nio/fs/WindowsException'{0x0000000713b0ee98}> (0x0000000713b0ee98) 
thrown [s\src\hotspot\share\prims\jni.cpp, line 516]
Event: 0.159 Thread 0x000001ce850cb230 Exception <a 'java/lang/NoSuchMethodError'{0x0000000713b46240}: 'java.lang.Object java.lang.invoke.DirectMethodHandle$Holder.invokeStaticInit(java.lang.Object)'> (0x0000000713b46240) 
thrown [s\src\hotspot\share\interpreter\linkResolver.cpp, line 759]
Event: 0.162 Thread 0x000001ce850cb230 Exception <a 'java/lang/NoSuchMethodError'{0x0000000713b652f0}: 'int java.lang.invoke.DirectMethodHandle$Holder.invokeStaticInit(java.lang.Object, java.lang.Object, int, long)'> (0x0000000713b652f0) 
thrown [s\src\hotspot\share\interpreter\linkResolver.cpp, line 759]
Event: 0.162 Thread 0x000001ce850cb230 Exception <a 'java/lang/NoSuchMethodError'{0x0000000713b6ae60}: 'java.lang.Object java.lang.invoke.DirectMethodHandle$Holder.newInvokeSpecial(java.lang.Object, java.lang.Object, int)'> (0x0000000713b6ae60) 
thrown [s\src\hotspot\share\interpreter\linkResolver.cpp, line 759]
Event: 0.163 Thread 0x000001ce850cb230 Exception <a 'java/lang/NoSuchMethodError'{0x0000000713b7b4e8}: 'int java.lang.invoke.DirectMethodHandle$Holder.invokeStaticInit(java.lang.Object, java.lang.Object, long, long)'> (0x0000000713b7b4e8) 
thrown [s\src\hotspot\share\interpreter\linkResolver.cpp, line 759]
Event: 0.164 Thread 0x000001ce850cb230 Exception <a 'java/lang/NoSuchMethodError'{0x0000000713b815f8}: 'java.lang.Object java.lang.invoke.DirectMethodHandle$Holder.newInvokeSpecial(java.lang.Object, java.lang.Object, long)'> (0x0000000713b815f8) 
thrown [s\src\hotspot\share\interpreter\linkResolver.cpp, line 759]
Event: 0.164 Thread 0x000001ce850cb230 Exception <a 'java/lang/NoSuchMethodError'{0x0000000713b858e8}: 'java.lang.Object java.lang.invoke.Invokers$Holder.linkToTargetMethod(java.lang.Object, long, java.lang.Object)'> (0x0000000713b858e8) 
thrown [s\src\hotspot\share\interpreter\linkResolver.cpp, line 759]
Event: 0.164 Thread 0x000001ce850cb230 Exception <a 'java/lang/NoSuchMethodError'{0x0000000713b8d000}: 'int java.lang.invoke.DirectMethodHandle$Holder.invokeStaticInit(java.lang.Object, java.lang.Object, java.lang.Object, long)'> (0x0000000713b8d000) 
thrown [s\src\hotspot\share\interpreter\linkResolver.cpp, line 759]

VM Operations (6 events):
Event: 0.057 Executing VM operation: HandshakeAllThreads
Event: 0.057 Executing VM operation: HandshakeAllThreads done
Event: 0.113 Executing VM operation: HandshakeAllThreads
Event: 0.113 Executing VM operation: HandshakeAllThreads done
Event: 0.131 Executing VM operation: HandshakeAllThreads
Event: 0.131 Executing VM operation: HandshakeAllThreads done

Events (20 events):
Event: 0.160 loading class java/nio/DirectDoubleBufferU
Event: 0.160 loading class java/nio/DirectDoubleBufferU done
Event: 0.160 loading class sun/misc/Unsafe
Event: 0.160 loading class sun/misc/Unsafe done
Event: 0.160 loading class jdk/internal/reflect/UnsafeFieldAccessorFactory
Event: 0.161 loading class jdk/internal/reflect/UnsafeFieldAccessorFactory done
Event: 0.161 loading class jdk/internal/reflect/UnsafeQualifiedStaticObjectFieldAccessorImpl
Event: 0.161 loading class jdk/internal/reflect/UnsafeQualifiedStaticFieldAccessorImpl
Event: 0.161 loading class jdk/internal/reflect/UnsafeQualifiedStaticFieldAccessorImpl done
Event: 0.161 loading class jdk/internal/reflect/UnsafeQualifiedStaticObjectFieldAccessorImpl done
Event: 0.161 loading class java/util/function/LongPredicate
Event: 0.161 loading class java/util/function/LongPredicate done
Event: 0.162 loading class jdk/internal/access/foreign/MemorySegmentProxy
Event: 0.163 loading class jdk/internal/access/foreign/MemorySegmentProxy done
Event: 0.165 loading class java/nio/InvalidMarkException
Event: 0.165 loading class java/nio/InvalidMarkException done
Event: 0.165 loading class java/nio/BufferUnderflowException
Event: 0.165 loading class java/nio/BufferUnderflowException done
Event: 0.177 loading class java/util/Formatter$FixedString
Event: 0.177 loading class java/util/Formatter$FixedString done


Dynamic libraries:
0x00007ff630df0000 - 0x00007ff630dfd000 	C:\Program Files - The Second Coming\AmazonCorretto\jdk17.0.8_8\bin\java.exe
0x00007ffdfb1f0000 - 0x00007ffdfb407000 	C:\Windows\SYSTEM32\ntdll.dll
0x00007ffdfa030000 - 0x00007ffdfa0f4000 	C:\Windows\System32\KERNEL32.DLL
0x00007ffdf8b50000 - 0x00007ffdf8efc000 	C:\Windows\System32\KERNELBASE.dll
0x00007ffdf8990000 - 0x00007ffdf8aa1000 	C:\Windows\System32\ucrtbase.dll
0x00007ffdeec60000 - 0x00007ffdeec75000 	C:\Program Files - The Second Coming\AmazonCorretto\jdk17.0.8_8\bin\VCRUNTIME140.dll
0x00007ffdf2ef0000 - 0x00007ffdf2f07000 	C:\Program Files - The Second Coming\AmazonCorretto\jdk17.0.8_8\bin\jli.dll
0x00007ffdf9e80000 - 0x00007ffdfa02e000 	C:\Windows\System32\USER32.dll
0x00007ffdf8b20000 - 0x00007ffdf8b46000 	C:\Windows\System32\win32u.dll
0x00007ffdf90a0000 - 0x00007ffdf90c9000 	C:\Windows\System32\GDI32.dll
0x00007ffdf8870000 - 0x00007ffdf8989000 	C:\Windows\System32\gdi32full.dll
0x00007ffde5ee0000 - 0x00007ffde6173000 	C:\Windows\WinSxS\amd64_microsoft.windows.common-controls_6595b64144ccf1df_6.0.22621.3672_none_2713b9d173822955\COMCTL32.dll
0x00007ffdf87d0000 - 0x00007ffdf886a000 	C:\Windows\System32\msvcp_win.dll
0x00007ffdfa730000 - 0x00007ffdfa7d7000 	C:\Windows\System32\msvcrt.dll
0x00007ffdfa6f0000 - 0x00007ffdfa721000 	C:\Windows\System32\IMM32.DLL
0x00007ffddf960000 - 0x00007ffddf9fb000 	C:\Program Files - The Second Coming\AmazonCorretto\jdk17.0.8_8\bin\msvcp140.dll
0x00007ffdc5550000 - 0x00007ffdc616d000 	C:\Program Files - The Second Coming\AmazonCorretto\jdk17.0.8_8\bin\server\jvm.dll
0x00007ffdfaa50000 - 0x00007ffdfab02000 	C:\Windows\System32\ADVAPI32.dll
0x00007ffdfa580000 - 0x00007ffdfa62a000 	C:\Windows\System32\sechost.dll
0x00007ffdf8f00000 - 0x00007ffdf8f28000 	C:\Windows\System32\bcrypt.dll
0x00007ffdf90d0000 - 0x00007ffdf91e5000 	C:\Windows\System32\RPCRT4.dll
0x00007ffdde980000 - 0x00007ffdde98a000 	C:\Windows\SYSTEM32\VERSION.dll
0x00007ffdf8230000 - 0x00007ffdf827d000 	C:\Windows\SYSTEM32\POWRPROF.dll
0x00007ffdeda70000 - 0x00007ffdedaa4000 	C:\Windows\SYSTEM32\WINMM.dll
0x00007ffdd9800000 - 0x00007ffdd9809000 	C:\Windows\SYSTEM32\WSOCK32.dll
0x00007ffdfad40000 - 0x00007ffdfadb1000 	C:\Windows\System32\ws2_32.DLL
0x00007ffdf8210000 - 0x00007ffdf8223000 	C:\Windows\SYSTEM32\UMPDC.dll
0x00007ffdf7510000 - 0x00007ffdf7528000 	C:\Windows\SYSTEM32\kernel.appcore.dll
0x00007ffdeec40000 - 0x00007ffdeec4a000 	C:\Program Files - The Second Coming\AmazonCorretto\jdk17.0.8_8\bin\jimage.dll
0x00007ffdf56c0000 - 0x00007ffdf58f2000 	C:\Windows\SYSTEM32\DBGHELP.DLL
0x00007ffdfae20000 - 0x00007ffdfb1a8000 	C:\Windows\System32\combase.dll
0x00007ffdf9c20000 - 0x00007ffdf9cf7000 	C:\Windows\System32\OLEAUT32.dll
0x00007ffde8260000 - 0x00007ffde8292000 	C:\Windows\SYSTEM32\dbgcore.DLL
0x00007ffdf8690000 - 0x00007ffdf870b000 	C:\Windows\System32\bcryptPrimitives.dll
0x00007ffde5270000 - 0x00007ffde5295000 	C:\Program Files - The Second Coming\AmazonCorretto\jdk17.0.8_8\bin\java.dll
0x00007ffdc67d0000 - 0x00007ffdc68a6000 	C:\Program Files - The Second Coming\AmazonCorretto\jdk17.0.8_8\bin\jsvml.dll
0x00007ffdf93b0000 - 0x00007ffdf9c0c000 	C:\Windows\System32\SHELL32.dll
0x00007ffdf6420000 - 0x00007ffdf6d17000 	C:\Windows\SYSTEM32\windows.storage.dll
0x00007ffdf62e0000 - 0x00007ffdf641f000 	C:\Windows\SYSTEM32\wintypes.dll
0x00007ffdf91f0000 - 0x00007ffdf92e4000 	C:\Windows\System32\SHCORE.dll
0x00007ffdfa680000 - 0x00007ffdfa6de000 	C:\Windows\System32\shlwapi.dll
0x00007ffdf8450000 - 0x00007ffdf8471000 	C:\Windows\SYSTEM32\profapi.dll
0x00007ffded5d0000 - 0x00007ffded5e9000 	C:\Program Files - The Second Coming\AmazonCorretto\jdk17.0.8_8\bin\net.dll
0x00007ffdf3c20000 - 0x00007ffdf3d56000 	C:\Windows\SYSTEM32\WINHTTP.dll
0x00007ffdf7970000 - 0x00007ffdf79d9000 	C:\Windows\system32\mswsock.dll
0x00007ffde5250000 - 0x00007ffde5265000 	C:\Program Files - The Second Coming\AmazonCorretto\jdk17.0.8_8\bin\nio.dll
0x00007ffdedab0000 - 0x00007ffdedac8000 	C:\Program Files - The Second Coming\AmazonCorretto\jdk17.0.8_8\bin\zip.dll
0x00007ffdc6290000 - 0x00007ffdc630b000 	C:\Users\buchn\AppData\Local\Temp\lwjgl_buchn\3.3.3+5\x64\lwjgl.dll
0x00007ffddf850000 - 0x00007ffddf8ae000 	C:\Users\buchn\AppData\Local\Temp\lwjgl_buchn\3.3.3+5\x64\lwjgl_opengl.dll
0x00007ffd9c420000 - 0x00007ffd9c520000 	C:\Windows\SYSTEM32\opengl32.dll
0x00007ffdb6250000 - 0x00007ffdb627d000 	C:\Windows\SYSTEM32\GLU32.dll
0x00007ffdf5af0000 - 0x00007ffdf5b29000 	C:\Windows\SYSTEM32\dxcore.dll

dbghelp: loaded successfully - version: 4.0.5 - missing functions: none
symbol engine: initialized successfully - sym options: 0x614 - pdb path: .;C:\Program Files - The Second Coming\AmazonCorretto\jdk17.0.8_8\bin;C:\Windows\SYSTEM32;C:\Windows\WinSxS\amd64_microsoft.windows.common-controls_6595b64144ccf1df_6.0.22621.3672_none_2713b9d173822955;C:\Program Files - The Second Coming\AmazonCorretto\jdk17.0.8_8\bin\server;C:\Users\buchn\AppData\Local\Temp\lwjgl_buchn\3.3.3+5\x64

VM Arguments:
jvm_args: -Dfile.encoding=windows-1252 -Duser.country=CA -Duser.language=en -Duser.variant 
java_command: Main
java_class_path (initial): C:\_Code\mrwario\mrwario\build\classes\java\main;C:\_Code\mrwario\mrwario\build\resources\main;C:\Users\buchn\.gradle\caches\modules-2\files-2.1\com.google.code.gson\gson\2.11.0\527175ca6d81050b53bdd4c457a6d6e017626b0e\gson-2.11.0.jar;C:\Users\buchn\.gradle\caches\modules-2\files-2.1\io.github.spair\imgui-java-lwjgl3\1.86.11\7f6657336844bd5a5321ca4987ff1e5476df5aeb\imgui-java-lwjgl3-1.86.11.jar;C:\Users\buchn\.gradle\caches\modules-2\files-2.1\io.github.spair\imgui-java-binding\1.86.11\9f6655bb12d271cb8c63e4394aa697ded1eae48\imgui-java-binding-1.86.11.jar;C:\Users\buchn\.gradle\caches\modules-2\files-2.1\org.lwjgl\lwjgl-assimp\3.3.3\c2c34011cbda30ed8cf98bc5cbf97b49afe5279a\lwjgl-assimp-3.3.3.jar;C:\Users\buchn\.gradle\caches\modules-2\files-2.1\org.lwjgl\lwjgl-assimp\3.3.3\d90ccdade594716062975cffd1431d387f770ac4\lwjgl-assimp-3.3.3-natives-windows.jar;C:\Users\buchn\.gradle\caches\modules-2\files-2.1\org.lwjgl\lwjgl-glfw\3.3.3\efa1eb78c5ccd840e9f329717109b5e892d72f8e\lwjgl-glfw-3.3.3.jar;C:\Users\buchn\.gradle\caches\modules-2\files-2.1\org.lwjgl\lwjgl-glfw\3.3.3\e449e28b4891fc423c54c85fbc5bb0b9efece67a\lwjgl-glfw-3.3.3-natives-windows.jar;C:\Users\buchn\.gradle\caches\modules-2\files-2.1\org.lwjgl\lwjgl-nfd\3.3.3\f1b41d3a0a2f5cd2a55a6a59a618c87d0348681c\lwjgl-nfd-3.3.3.jar;C:\Users\buchn\.gradle\caches\modules-2\files-2.1\org.lwjgl\lwjgl-nfd\3.3.3\3a39132eef695dcb7631adc1d02e493527940d10\lwjgl-nfd-3.3.3-natives-windows.jar;C:\Users\buchn\.gradle\caches\modules-2\files-2.1\org.lwjgl\lwjgl-openal\3.3.3\daada81ceb5fc0c291fbfdd4433cb8d9423577f2\lwjgl-openal-3.3.3.jar;C:\Users\buchn\.gradle\caches\modules-2\files-2.1\org.lwjgl\lwjgl-openal\3.3.3\cf83862ae95d98496b26915024c7e666d8ab1c8f\lwjgl-openal-3.3.3-natives-windows.jar;C:\Users\buchn\.gradle\caches\modules-2\files-2.1\org.lwjgl\lwjgl-opengl\3.3.3\2f6b0147078396a58979125a4c947664e98293a\lwjgl-opengl-3.3.3.jar;C:\Users\buchn\.gradle\caches\modules-2\files-2.1\org.lwjgl\lwjgl-opengl\3.3.3\
Launcher Type: SUN_STANDARD

[Global flags]
     intx CICompilerCount                          = 4                                         {product} {ergonomic}
     uint ConcGCThreads                            = 3                                         {product} {ergonomic}
     uint G1ConcRefinementThreads                  = 10                                        {product} {ergonomic}
   size_t G1HeapRegionSize                         = 2097152                                   {product} {ergonomic}
    uintx GCDrainStackTargetSize                   = 64                                        {product} {ergonomic}
   size_t InitialHeapSize                          = 264241152                                 {product} {ergonomic}
   size_t MarkStackSize                            = 4194304                                   {product} {ergonomic}
   size_t MaxHeapSize                              = 4223664128                                {product} {ergonomic}
   size_t MaxNewSize                               = 2533359616                                {product} {ergonomic}
   size_t MinHeapDeltaBytes                        = 2097152                                   {product} {ergonomic}
   size_t MinHeapSize                              = 8388608                                   {product} {ergonomic}
    uintx NonNMethodCodeHeapSize                   = 5839372                                {pd product} {ergonomic}
    uintx NonProfiledCodeHeapSize                  = 122909434                              {pd product} {ergonomic}
    uintx ProfiledCodeHeapSize                     = 122909434                              {pd product} {ergonomic}
    uintx ReservedCodeCacheSize                    = 251658240                              {pd product} {ergonomic}
     bool SegmentedCodeCache                       = true                                      {product} {ergonomic}
   size_t SoftMaxHeapSize                          = 4223664128                             {manageable} {ergonomic}
     bool UseCompressedClassPointers               = true                           {product lp64_product} {ergonomic}
     bool UseCompressedOops                        = true                           {product lp64_product} {ergonomic}
     bool UseG1GC                                  = true                                      {product} {ergonomic}
     bool UseLargePagesIndividualAllocation        = false                                  {pd product} {ergonomic}

Logging:
Log output configuration:
 #0: stdout all=warning uptime,level,tags
 #1: stderr all=off uptime,level,tags

Environment Variables:
JAVA_HOME=C:\AmazonCorretto\jdk17.0.8_8
PATH=C:\Program Files (x86)\EasyPHP-DevServer-14.1VC9\binaries\php\php_runningversion;C:\Program Files\Vim\vim91;C:\Program Files - The Second Coming\AmazonCorretto\jdk17.0.8_8\bin;C:\Windows\system32;C:\Windows;C:\Windows\System32\Wbem;C:\Windows\System32\WindowsPowerShell\v1.0\;C:\Windows\System32\OpenSSH\;C:\Program Files\Git\cmd;C:\ProgramData\miniconda3;C:\Users\buchn\AppData\Roaming\Python\Python311\Scripts;C:\ProgramData\miniconda3\python.exe;C:\Program Files - The Second Coming\Microsoft VS Code\bin;C:\Users\buchn\AppData\Local\GitHubDesktop\bin;C:\Program Files\JetBrains\IntelliJ IDEA 2024.1.2\bin;
USERNAME=buchn
OS=Windows_NT
PROCESSOR_IDENTIFIER=Intel64 Family 6 Model 154 Stepping 4, GenuineIntel
TMP=C:\Users\buchn\AppData\Local\Temp
TEMP=C:\Users\buchn\AppData\Local\Temp



---------------  S Y S T E M  ---------------

OS:
 Windows 11 , 64 bit Build 22621 (10.0.22621.3672)
OS uptime: 1 days 1:09 hours
Hyper-V role detected

CPU: total 12 (initial active 12) (6 cores per cpu, 2 threads per core) family 6 model 154 stepping 4 microcode 0x41f, cx8, cmov, fxsr, ht, mmx, 3dnowpref, sse, sse2, sse3, ssse3, sse4.1, sse4.2, popcnt, lzcnt, tsc, tscinvbit, avx, avx2, aes, erms, clmul, bmi1, bmi2, adx, sha, fma, vzeroupper, clflush, clflushopt, clwb, hv
Processor Information for processor 0
  Max Mhz: 1700, Current Mhz: 1700, Mhz Limit: 1700
Processor Information for processor 1
  Max Mhz: 1700, Current Mhz: 1700, Mhz Limit: 1700
Processor Information for processor 2
  Max Mhz: 1700, Current Mhz: 1700, Mhz Limit: 1700
Processor Information for processor 3
  Max Mhz: 1700, Current Mhz: 1700, Mhz Limit: 1700
Processor Information for processor 4
  Max Mhz: 1200, Current Mhz: 1200, Mhz Limit: 1200
Processor Information for processor 5
  Max Mhz: 1200, Current Mhz: 1200, Mhz Limit: 1200
Processor Information for processor 6
  Max Mhz: 1200, Current Mhz: 1200, Mhz Limit: 1200
Processor Information for processor 7
  Max Mhz: 1200, Current Mhz: 1200, Mhz Limit: 1200
Processor Information for processor 8
  Max Mhz: 1200, Current Mhz: 1200, Mhz Limit: 1200
Processor Information for processor 9
  Max Mhz: 1200, Current Mhz: 1200, Mhz Limit: 1200
Processor Information for processor 10
  Max Mhz: 1200, Current Mhz: 1200, Mhz Limit: 1200
Processor Information for processor 11
  Max Mhz: 1200, Current Mhz: 1200, Mhz Limit: 1200

Memory: 4k page, system-wide physical 16108M (4513M free)
TotalPageFile size 18571M (AvailPageFile size 3814M)
current process WorkingSet (physical memory assigned to process): 49M, peak: 49M
current process commit charge ("private bytes"): 352M, peak: 352M

vm_info: OpenJDK 64-Bit Server VM (17.0.8.1+8-LTS) for windows-amd64 JRE (17.0.8.1+8-LTS), built on Aug 19 2023 03:47:39 by "Administrator" with MS VC++ 15.9 (VS2017)

END.
